This file contains any messages produced by compilers while
running configure, to aid debugging if configure makes a mistake.

It was created by configure, which was
generated by GNU Autoconf 2.62.  Invocation command line was

  $ ./configure 

## --------- ##
## Platform. ##
## --------- ##

hostname = dhcp105-92.lab105.tuat.ac.jp
uname -m = i386
uname -r = 10.4.0
uname -s = Darwin
uname -v = Darwin Kernel Version 10.4.0: Fri Apr 23 18:28:53 PDT 2010; root:xnu-1504.7.4~1/RELEASE_I386

/usr/bin/uname -p = i386
/bin/uname -X     = unknown

/bin/arch              = unknown
/usr/bin/arch -k       = unknown
/usr/convex/getsysinfo = unknown
/usr/bin/hostinfo      = Mach kernel version:
	 Darwin Kernel Version 10.4.0: Fri Apr 23 18:28:53 PDT 2010; root:xnu-1504.7.4~1/RELEASE_I386
Kernel configured for up to 2 processors.
2 processors are physically available.
2 processors are logically available.
Processor type: i486 (Intel 80486)
Processors active: 0 1
Primary memory available: 4.00 gigabytes
Default processor set: 78 tasks, 375 threads, 2 processors
Load average: 0.41, Mach factor: 1.57
/bin/machine           = unknown
/usr/bin/oslevel       = unknown
/bin/universe          = unknown

PATH: /opt/local/bin
PATH: /opt/local/sbin
PATH: /usr/local/bin
PATH: /usr/local/sbin
PATH: /usr/bin
PATH: /bin
PATH: /usr/sbin
PATH: /sbin


## ----------- ##
## Core tests. ##
## ----------- ##

configure:1807: checking for a BSD-compatible install
configure:1875: result: /opt/local/bin/ginstall -c
configure:1886: checking whether build environment is sane
configure:1929: result: yes
configure:1991: checking for gawk
configure:2021: result: no
configure:1991: checking for mawk
configure:2021: result: no
configure:1991: checking for nawk
configure:2021: result: no
configure:1991: checking for awk
configure:2007: found /usr/bin/awk
configure:2018: result: awk
configure:2029: checking whether make sets $(MAKE)
configure:2051: result: yes
configure:2235: checking whether to enable maintainer-specific portions of Makefiles
configure:2244: result: no
configure:2269: checking for emacs
configure:2285: found /opt/local/bin/emacs
configure:2296: result: emacs
configure:2320: checking where .elc files should go
configure:2333: $EMACS -batch -q -eval '(while load-path (princ (concat (car load-path) "\n")) (setq load-path (cdr load-path)))' </dev/null >conftest.out
configure:2336: $? = 0
configure:2349: result: ${datadir}/emacs/site-lisp
configure:2358: checking detecting your emacs type
configure:2375: result: emacs21
configure:2444: checking where icon files should go
configure:2475: result: /opt/local/share/emacs/23.2/etc/navi2ch/icons
configure:2632: creating ./config.status

## ---------------------- ##
## Running config.status. ##
## ---------------------- ##

This file was extended by config.status, which was
generated by GNU Autoconf 2.62.  Invocation command line was

  CONFIG_FILES    = 
  CONFIG_HEADERS  = 
  CONFIG_LINKS    = 
  CONFIG_COMMANDS = 
  $ ./config.status 

on dhcp105-92.lab105.tuat.ac.jp

config.status:668: creating Makefile
config.status:668: creating contrib/Makefile
config.status:668: creating doc/Makefile
config.status:668: creating icons/Makefile
config.status:668: creating navi2ch-config.el

## ---------------- ##
## Cache variables. ##
## ---------------- ##

_cv_icondir=/opt/local/share/emacs/23.2/etc/navi2ch/icons
ac_cv_env_EMACSLOADPATH_set=
ac_cv_env_EMACSLOADPATH_value=
ac_cv_env_EMACS_set=
ac_cv_env_EMACS_value=
ac_cv_env_build_alias_set=
ac_cv_env_build_alias_value=
ac_cv_env_host_alias_set=
ac_cv_env_host_alias_value=
ac_cv_env_target_alias_set=
ac_cv_env_target_alias_value=
ac_cv_path_install='/opt/local/bin/ginstall -c'
ac_cv_prog_AWK=awk
ac_cv_prog_EMACS=emacs
ac_cv_prog_make_make_set=yes
am_cv_lispdir='${datadir}/emacs/site-lisp'

## ----------------- ##
## Output variables. ##
## ----------------- ##

ACLOCAL='${SHELL} /Users/tor/.emacs.d/navi2ch/missing --run aclocal-1.9'
AMTAR='${SHELL} /Users/tor/.emacs.d/navi2ch/missing --run tar'
AUTOCONF='${SHELL} /Users/tor/.emacs.d/navi2ch/missing --run autoconf'
AUTOHEADER='${SHELL} /Users/tor/.emacs.d/navi2ch/missing --run autoheader'
AUTOMAKE='${SHELL} /Users/tor/.emacs.d/navi2ch/missing --run automake-1.9'
AWK='awk'
CYGPATH_W='echo'
DEFS='-DPACKAGE_NAME=\"\" -DPACKAGE_TARNAME=\"\" -DPACKAGE_VERSION=\"\" -DPACKAGE_STRING=\"\" -DPACKAGE_BUGREPORT=\"\" -DPACKAGE=\"navi2ch\" -DVERSION=\"2.0.0-DEV\"'
ECHO_C=''
ECHO_N='-n'
ECHO_T=''
EMACS='emacs'
EMACSLOADPATH=''
INSTALL_DATA='${INSTALL} -m 644'
INSTALL_PROGRAM='${INSTALL}'
INSTALL_SCRIPT='${INSTALL}'
INSTALL_STRIP_PROGRAM='${SHELL} $(install_sh) -c -s'
LIBOBJS=''
LIBS=''
LTLIBOBJS=''
MAINT='#'
MAINTAINER_MODE_FALSE=''
MAINTAINER_MODE_TRUE='#'
MAKEINFO='${SHELL} /Users/tor/.emacs.d/navi2ch/missing --run makeinfo'
PACKAGE='navi2ch'
PACKAGE_BUGREPORT=''
PACKAGE_NAME=''
PACKAGE_STRING=''
PACKAGE_TARNAME=''
PACKAGE_VERSION=''
PATH_SEPARATOR=':'
SET_MAKE=''
SHELL='/bin/sh'
STRIP=''
VERSION='2.0.0-DEV'
am__leading_dot='.'
am__tar='${AMTAR} chof - "$$tardir"'
am__untar='${AMTAR} xf -'
bindir='${exec_prefix}/bin'
build_alias=''
datadir='${datarootdir}'
datarootdir='${prefix}/share'
docdir='${datarootdir}/doc/${PACKAGE}'
dvidir='${docdir}'
exec_prefix='${prefix}'
host_alias=''
htmldir='${docdir}'
icondir='/opt/local/share/emacs/23.2/etc/navi2ch/icons'
includedir='${prefix}/include'
infodir='${datarootdir}/info'
install_sh='/Users/tor/.emacs.d/navi2ch/install-sh'
libdir='${exec_prefix}/lib'
libexecdir='${exec_prefix}/libexec'
lispdir='${datadir}/emacs/site-lisp'
localedir='${datarootdir}/locale'
localstatedir='${prefix}/var'
mandir='${datarootdir}/man'
mkdir_p='$(mkinstalldirs)'
oldincludedir='/usr/include'
packagedir=''
pdfdir='${docdir}'
prefix='/usr/local'
program_transform_name='s,x,x,'
psdir='${docdir}'
sbindir='${exec_prefix}/sbin'
sharedstatedir='${prefix}/com'
sysconfdir='${prefix}/etc'
target_alias=''

## ----------- ##
## confdefs.h. ##
## ----------- ##

#define PACKAGE_NAME ""
#define PACKAGE_TARNAME ""
#define PACKAGE_VERSION ""
#define PACKAGE_STRING ""
#define PACKAGE_BUGREPORT ""
#define PACKAGE "navi2ch"
#define VERSION "2.0.0-DEV"

configure: exit 0
