 01:23 kana : あと40分弱かー
 01:30 tor_ : あと30分？
 01:33 kana : どきどき
 01:40 tor_ : なんかｷﾀｰ！！
 01:42 kana : な、なんだって
 01:42 kana : おお
 01:43 kana : 音声は入ってないのかな
 01:44 Hash : いれてます
 01:46 kana : 鶴屋さんはどこだー
 01:46 ujihisa : Hashのskype idうぷ
 01:46 ujihisa : おれはujihisa23でーす
 01:47 tor_ : 音がちいさい…？ それとも皆無言でセッティングしてるのかな。
 01:47 kana : こちらも全然聞こえませんね
 01:47 Blackactor : wil ps3 fail?
 01:48 Hash : Skype "t_hash"
 01:48 ujihisa : ヒント: ustreamのmaster volume
 01:48 Hash : master volumeあげた
 01:48 Hash : まだしゃべってないです
 01:51 kana : よし、今のうちに水分を用意しよう!
 01:52 ujihisa : いまこーひーつくってる
 01:53 kana : 興奮で体温が上がってきた
 01:54 kana : 会場には何人ぐらい集合してるんでしょうか?
 01:58 Hash : 15にんくらいきました
 01:58 from_kyushu : はじまった？
 01:58 Hash : 迷ってる人多そうだからもうちょっと
 01:59 from_kyushu : カメラがちょっとあさっての方向向いている気がする
 01:59 Hash : LANのパスとか移してるから、わざとです
 01:59 tor_ : 大事なところは直前まで隠す演出なんだと予想
 01:59 from_kyushu : なるほど
 01:59 kana : oo-
 01:59 tor_ : はずれた…orz
 02:00 kana : 酔いそうだった
 02:00 from_kyushu : 集まっている人数とかから考えて、開始はあと15分ぐらい先かな
 02:00 Hash : てんぱってきた
 02:01 from_kyushu : まだ慌てる時間じゃない（AAry
 02:01 kana : Vimの最新版をビルドしつつ待機中
 02:01 kana : コンパイル時に警告が出てる
 02:02 from_kyushu : そういやMacVimが7.2のβになっていたような
 02:02 kana : 今の最新はVim 7.2b.007くらいだったと思います
 02:03 from_kyushu : thxです
 02:03 ujihisa : いま必死で発表資料つくってます
 02:03 kana : 7.2b.009でした……
 02:03 Hash : しゃべってるのきこえますか？
 02:03 kana : ぜんぜんです!
 02:03 Hash : ＞＜
 02:03 ryo7000 : 7.1は330で止まってるんですね
 02:03 from_kyushu : MacPortsでインストールしているので未だに7.1.330なおいら
 02:03 kana : 音声入力ソースを間違えてるとか
 02:04 Hash : どうですか
 02:04 kana : ダメですねー
 02:04 krogue : お
 02:04 Hash : きこえた？
 02:04 kana : おお
 02:05 kana : OKOK!
 02:05 krogue : ok
 02:05 ujihisa : きたきた
 02:05 kana : パチパチパチ
 02:05 from_kyushu : こっち聞こえない
 02:05 takke : wktk
 02:05 ujihisa : Master volumeをmaxにするんだ!
 02:05 tor_ : 音声最大にしてたからびっくりしたよ！
 02:05 from_kyushu : 今最大
 02:05 yanagi_ays : いよいよですね
 02:05 from_kyushu : にした
 02:05 kana : バッファリングの関係で遅延してるだけかも >from_kyushu
 02:05 ujihisa : (ustream側の
 02:06 from_kyushu : リロードしてみるかな
 02:06 kana : あれは……ブルースクリーン……! (違)
 02:06 ryo7000 : リロードしたら聞こえるようになった
 02:06 from_kyushu : 同じくリロードで聞こえるようになった
 02:06 kana : よかったよかった
 02:07 from_kyushu : はじまったか
 02:07 kana : なんかかっこよさげなロゴが!
 02:07 kakatofu : はじまったな
 02:07 ujihisa : こんにちはー!!!
 02:07 ujihisa : Hash++
 02:07 ujihisa : {}++
 02:07 tor_ : こんにちわー
 02:07 yanagi_ays : はじまた！
 02:07 ujihisa : nice hash
 02:07 ryo7000 : こんにちはー
 02:07 from_kyushu : {}++
 02:08 kana : #++
 02:08 ujihisa : 自己紹介++
 02:08 ujihisa : 888
 02:08 kana : 888888
 02:08 tor_ : 888888
 02:08 ryo7000 : 88888
 02:08 ujihisa : syou
 02:08 kana : R使い!
 02:08 tor_ : 88888
 02:08 ujihisa : beatinaniwa
 02:08 yuyarin : ハチロク自重
 02:08 tor_ : 88888
 02:09 ryo7000 : 88888
 02:09 tor_ : 88888
 02:09 kana : 8888
 02:09 kakatofu : chumby
 02:09 kana : 8888
 02:09 tor_ : 88888
 02:09 ryo7000 : 88888
 02:10 tor_ : 結構いるんですね。88888
 02:10 ujihisa : アウェイwww
 02:10 kana : 敵だー!
 02:10 kana : 8888
 02:10 ujihisa : alias emacs=vim
 02:10 kana : alias emacs=cat
 02:10 tor_ : ひでぇｗ
 02:10 kana : 8888
 02:11 tor_ : 8888
 02:11 ujihisa : alias emacs=sudo shutdown -h
 02:11 ujihisa : ir3
 02:11 from_kyushu : IDで自己紹介しているのはネット発だからか
 02:11 tor_ : alias emacs=sudo rm -rf /boot
 02:11 kana : 8888
 02:11 tor_ : 88888
 02:11 syou6162 : 888
 02:12 kana : idの一部が聞こえなかったよ(甲高い声で
 02:12 kana : 8888
 02:12 from_kyushu : 8888
 02:12 tor_ : 日本語のヒアリングが問われる… 8888
 02:12 syou6162 : ここでemacsを立ち上げると怒られるのは本当ですか
 02:12 ryo7000 : 8888
 02:12 from_kyushu : そんなことをしていると
 02:12 from_kyushu : alias emacs=vim
 02:12 yuyarin-1 : 聞き取れない
 02:12 from_kyushu : とされる
 02:13 ujihisa : alias emacs=say "I'm emecsen"
 02:13 kana : 8888
 02:13 from_kyushu : なんでsuztomoそんな後ろにいるんだ
 02:13 kana : 敵だー!?
 02:13 tor_ : なんという宣戦布告！
 02:13 yuyarin-1 : suztomoが退路を断っている
 02:13 ujihisa : “いかにemacsのkey bindingがすぐれているか
 02:13 from_kyushu : STOP 宗教戦争
 02:13 ujihisa : 宗教戦争大好き!!!!!!!!!!1111
 02:14 from_kyushu : http://emacs-users.jp/images/stop-religious-war.png
 02:14 ujihisa : 普段は宗教戦争は自重すべきものだが
 02:14 ujihisa : 今日はお祭りなので積極的に宗教戦争するといいよ!
 02:14 sekido : 受付をされてますよ＜suztomoさん
 02:14 yuyarin-1 : Vimに統一すれば問題ない
 02:14 from_kyushu : なるほど < うけつけ
 02:14 yuyarin-1 : suztomoは受けか
 02:15 tor_ : つるやさーん
 02:15 mootoh : つながた
 02:15 from_kyushu : にょろーん
 02:15 yuyarin-1 : サーセン＞＜
 02:15 kana : そういえばこの配信は録画してるんでしょうか?
 02:15 mootoh : かいじょう寒い
 02:15 ujihisa : いえーい
 02:16 beatinaniwa : 寒いのは正義
 02:16 from_kyushu : nagasaki.vimが書かれてた
 02:16 kana : 言い出しっぺの法則
 02:16 yuyarin : yuiseki:マークシティあたりをさまよってる [http://twitter.com/yuiseki/statuses/863219343]
 02:16 tor_ : 長袖を着ればいいのだよ！
 02:16 yuyarin : yuisekiｗｗｗ
 02:16 ujihisa : M (マゾ)
 02:16 mootoh : ときにはおこせよ、ですね わかります
 02:16 syou6162 : vim movement
 02:16 beatinaniwa : 場所はわかりずらかった
 02:16 poohtarou : M(マッチョ)
 02:16 beatinaniwa : iPhoneがなければ到達は不可能
 02:16 mootoh : 場所の難易度はVimをマスターするよりも上
 02:17 syou6162 : ujihisaはust
 02:17 from_kyushu : そんなに分かりづらいのか
 02:17 mootoh : ゆるゆるふわふわしゃべるよ
 02:17 kana : M(ウィンドウの中央行に移動)
 02:17 yuyarin : yuisekiきしめん食ってるぞ
 02:18 beatinaniwa : 出会い系vim
 02:18 ujihisa : “vimで結婚できました
 02:18 mootoh : Vim on Rails
 02:18 kana : (株)ECナビ++
 02:18 yuyarin-1 : Ctrl+[
 02:18 mootoh : Ctrl-[ だよね
 02:19 kakatofu : escは遠すぎる
 02:19 from_kyushu : Ctrl+[が楽
 02:19 mootoh : MacBook だと Ctrl+@
 02:19 kana : noremap <C-@> <Esc>派
 02:19 poohtarou : ECナビで働きたいな
 02:19 yuyarin-1 : escは半角全角と押し間違える
 02:19 tor_ : <C-[>派が圧倒的多数のようで
 02:19 kana : <C-@> ≒ <C-Space>
 02:19 mootoh : メモ: ECナビでインターンするとVim脳になる
 02:20 mootoh : おお、パワポだ
 02:20 ryo7000 : F1押したことなかったな
 02:20 from_kyushu : 見えない
 02:20 mootoh : Hashell ってなに
 02:20 kana : nnoremap <C-h>  :<C-u>help<Space>
 02:20 mootoh : はっしぇるってなに
 02:20 syou6162 : はっしぇる
 02:20 tor_ : ちいちゃいです＞＜
 02:20 beatinaniwa : Haskell Shell
 02:20 mootoh : 6.2 ですね
 02:20 from_kyushu : はっしぇるはっしぇる
 02:20 mootoh : Quicksilver ktkr
 02:21 yuyarin-1 : 読めないｗｗ＠Ust
 02:21 kana : 自分で試してね!
 02:21 from_kyushu : カメラで映すんじゃなくて
 02:21 yuyarin-1 : ですよねー
 02:21 from_kyushu : ManyCam的なものを使うと良い気がする
 02:21 syou6162 : 何人も発表すると
 02:21 yuyarin-1 : fk: それだと発表者が
 02:22 syou6162 : 全員がmanycamしないといけないから大変なんじゃない
 02:22 from_kyushu : それもそうか
 02:22 ujihisa : manycamって確かcamtwistのwin実装だっけ
 02:22 krogue : <C-V><C-R>ってやっちゃうなぁ
 02:22 ryo7000 : これ、会社の後輩に見せたいな
 02:23 kana : key mappingsや文字列定数中での表記は<C-r>等だけど、:help引くときはCTRL-R等と表記するので注意
 02:23 mootoh : はげしく静かな会場
 02:23 yuyarin-1 : ujihisa: camtwistに比べると性能は断然低い
 02:24 ujihisa : まじか
 02:24 beatinaniwa : Macでパワポ使ってる人初めて見たかも
 02:24 ujihisa : まあcamtwistは無駄に高機能なきがする
 02:24 ujihisa : そして動作が激しくて安定になる
 02:24 syou6162 : hashのppt結構かっこいいと思う
 02:24 kana : :e[dit] :b[uffer]
 02:24 ryo7000 : 起動してすぐ:vspする
 02:24 mootoh : Heikin.java 
 02:24 kana : <C-w>v
 02:24 mootoh : ゆゆゆ
 02:24 from_kyushu : おいらは:vnewするな
 02:25 syou6162 : ゆゆゆ
 02:25 ujihisa : :vnew
 02:25 sekido : ゆゆゆ
 02:25 krogue : :vs 
 02:25 mootoh : :vsp 派
 02:25 ryo7000 : <C-w>vのが早いなぁ
 02:25 mootoh : :b 3 派
 02:25 ujihisa : 気がついたらすでに:vnewしている
 02:25 from_kyushu : :vnew (ファイルパス)
 02:25 ujihisa : :vnewしてからFuzzyfinder
 02:25 kana : 自作プラグインで切り替え派
 02:25 mootoh : kana: どんなどんな?
 02:25 ujihisa : id:secondlife方式: 別screenでvim ファイル名
 02:26 mootoh : やっぱ tab 派 は少ないのかな
 02:26 kana : w
 02:26 tor_ : みなさん発表タイトルを思い出してください…
 02:26 mootoh : ustの人は、この文字サイズで見えてるの?
 02:26 ujihisa : けっこうぎりぎり
 02:26 from_kyushu : n
 02:26 mootoh : なるほど
 02:26 ujihisa : ターミナルはむり
 02:26 mootoh : ちょっと大きめでやろう
 02:26 kana : 端末のは雰囲気しか分かりませんけど
 02:26 kana : スライドは代替分かりますよ
 02:26 ujihisa : ターミナルは文字サイズ3倍くらいにすればいける
 02:26 from_kyushu : ターミナルはもうちょいサイズ大きくしてほしい
 02:26 mootoh : Ctrl-n がないと死ぬ
 02:27 ujihisa : iTermならCmdReturnしてCmd+++でOK
 02:27 kana : キーの表記はkey mappingsでの<C-x>表記か:helpでのCTRL-X表記のどちらかで統一した方が良いと思いまする
 02:27 mootoh : テンポはやめだな
 02:27 krogue : <C-x>派
 02:27 from_kyushu : Hashややテンパり気味？
 02:27 mootoh : * 派
 02:27 taku-o : これをたった15分でやりきるのか
 02:27 mootoh : みんなで T_Hash に声援を !
 02:27 from_kyushu : <C-x>派
 02:28 kana : さあ皆、id:ns9tksさんを++する作業を
 02:28 taku-o : しかし、
 02:28 krogue : star か
 02:28 taku-o : 一般的な内容をやってくれたので助かった
 02:28 ujihisa : ns9tksさんを++する発表が最後の最後にありますよ旦那
 02:28 mootoh : ところでなにがあんなにCPU食ってるんだろう
 02:29 kana : http://github.com/kana/config/tree/sket/vim-ku-0.1.0 >mootoh
 02:29 mootoh : ピリオドの向こうへ
 02:29 kana : 今書き直し中ですけど
 02:29 kana : git cloneした後、トップディレクトリでmake PACKAGE_NAME=vim-ku PACKAGE_TYPE=zip packageしたらzipができます。
 02:29 from_kyushu : QSのこれは良い見せ方だな
 02:30 syou6162 : これだけのためにqsを入れるか
 02:30 mootoh : qq ばっかつかう
 02:30 kana : くりかえすかわりに.
 02:30 from_kyushu : これQSでどうやるんだろう
 02:30 tor_ : このおされな表示方法はqsっていうのか
 02:30 kana : QuickSliver++
 02:31 mootoh : よく実行結果のレポートに qq でマクロる
 02:31 kana : nnoremap Q  qとしちゃってるなー
 02:31 mootoh : びっくりルビイ
 02:31 ujihisa : :!rubyでもいいが
 02:31 ujihisa : :rubyでok
 02:31 from_kyushu : びっくりるびー
 02:31 kana : qはquickfixの操作に割り当ててる
 02:31 ujihisa : qは:q
 02:31 kana : +ruby必須なので初心者には難しい >ujihisa
 02:31 from_kyushu : +rubyでコンパイルしなきゃじゃね
 02:32 mootoh : ふだんづかいのmap
 02:32 ujihisa : +rubyない環境が許されるのは小学生まで
 02:32 kana : さあどこからつっこもうか!
 02:32 mootoh : これのなかのどれですか? http://github.com/kana/config/tree/sket%2Fvim-ku-0.1.0/vim/dot.vim/plugin
 02:32 mootoh : to kana
 02:32 mootoh : レジスタ ktkr
 02:33 mootoh : いっつも、レジスタつかおうとおもうんだけど、3日したら忘れてしまうんだよな
 02:33 ryo7000 : :di派
 02:33 kana : vim/dot.vim/{autoload/ku.vim,autoload/ku/buffer.vim,plugin/ku.vim,doc/ku*.txt} >mootoh
 02:33 beatinaniwa : 知らなかった
 02:33 kana : nnoremap <Space>r  :<C-u>registers<Return>としてる
 02:34 mootoh : なんかキーシーケンスが多すぎてわすれてしまう
 02:34 krogue : ほとんどはなくてもなんとかなるマップ、という事実
 02:34 ryo7000 : 8888
 02:34 tenkoma : 8888
 02:34 tor_ : 888888888
 02:34 kana : 88888
 02:34 kakatofu : 8888
 02:35 krogue : 8888
 02:35 tor_ : 8888が早いのは会場参加のひと？
 02:35 kana : レジスタ関係はyankringを使うと便利かも知れませんね >http://www.vim.org/scripts/script.php?script_id=1234
 02:35 kakatofu : うお、できた
 02:35 tenkoma : できる
 02:35 ryo7000 : QSいいなぁ
 02:35 mootoh : みんな QSTwitter つかってね (宣伝)
 02:35 tenkoma : 日本語も通る
 02:36 ujihisa : ちょwwwwwwwwwww
 02:36 ujihisa : nowa.vim
 02:36 tor_ : え
 02:36 ujihisa : とかそういう話かとwww
 02:36 krogue : cho
 02:36 kakatofu : vimからhatena更新するpluginってあった気がする
 02:36 syou6162 : hatena.vimとかないのかな
 02:36 mootoh : kana の人は namespace を # で区切るのか
 02:36 kana : :makeでアップロード派
 02:36 tor_ : hatena.vimとかなかったっけ？
 02:36 kana : :help autoload >mooth
 02:36 mootoh : ECナビにいくとVim矯正してもらえます
 02:36 kana : :help autoload >mootoh
 02:37 yuyarin : 仕事だとvim使わない……
 02:37 tor_ : チュートリアルはやらなかったのかな？
 02:37 mootoh : 仕事でVimばっかつかいます
 02:37 mootoh : なんでゆなんだ
 02:38 kana : 88888888
 02:38 ryo7000 : 8888
 02:38 jj1bdx : おつかれさん
 02:38 syou6162 : 8888
 02:38 ujihisa : 8888
 02:38 krogue : 888888
 02:38 tor_ : 8888888
 02:38 tenkoma : 8888
 02:39 from_kyushu : レジスタの部分見れなかった......
 02:39 mootoh : 未読メールが185942件
 02:39 Hash : しばらくおまちください
 02:39 mootoh : すごいな
 02:39 Hash : はじまる
 02:39 kana : どきどき
 02:40 kana : 声がかわいい
 02:40 Hash : きこえますか
 02:40 mootoh : 名無しのvim使いのひとだ!
 02:40 kana : OKでーす
 02:40 tor_ : きこえます
 02:40 krogue : kawaii
 02:40 ujihisa : おおおおおおお
 02:40 ryo7000 : うお、名無しのvimの人だったのか
 02:40 mootoh : これはwktkせざるをえない
 02:40 beatinaniwa : vim四天王の一人？
 02:40 syou6162 : ふおー
 02:40 kana : 四天王ってw
 02:40 krogue : 四天王w
 02:40 kakatofu : 四天王w
 02:40 tor_ : これは++するしかない
 02:40 yuyarin-1 : 四天王ｗ
 02:40 kana : ちょっと文字が見辛いですね
 02:40 tor_ : 四天王の残りはだれですか？
 02:41 mootoh : Vim四天王: 香り屋さん, 名無しさん、kanaさん、...
 02:41 tor_ : 小さい…つぶれちゃってますね
 02:41 mootoh : これでちっさいのか...
 02:41 kana : これ画質最高なんですかね?
 02:42 kana : :help 'runtimepath'  :help autoload
 02:42 tor_ : 見出ししか見えない…orz
 02:42 mootoh : 現場にくるんだ!
 02:43 mootoh : cecutil, genutils, multvals, align, alice
 02:43 mootoh : とかかれてます
 02:43 kana : autoloadの活用例: netrwのような大きいプラグインをVim起動時に全部読みこまなくて済む。
 02:43 ryo7000 : ほほー
 02:43 kana : Vim6まではリストとか辞書とかなかったんです
 02:44 krogue : tlib きた
 02:44 mootoh : ダイアログみたいなもんか
 02:44 syou6162 : hashが移動中
 02:44 tor_ : hashさん++
 02:44 kana : 例として挙げられていたmultvalsとかはその時代で活用されていたサポートライブラリ的スクリプト
 02:44 kakatofu : hash++
 02:44 ryo7000 : だいぶ見えるようになったー
 02:44 krogue : hash++
 02:44 mootoh : hash++
 02:44 kana : すばらしい hash++
 02:44 takano32 : hash++
 02:45 tor_ : 見える！見えるぞ！
 02:45 tenkoma : 良くなった！
 02:45 mootoh : 7.1.293 か
 02:45 kana : Vimのディクショナリー == Perlの連想配列、Rubyのハッシュ、Pythonの辞書
 02:45 ujihisa : {}++
 02:45 mootoh : ライブVBA
 02:45 ujihisa : 辞書++
 02:45 takano32 : Vimのアイコンドックに並びすぎｗｗｗｗ
 02:45 mootoh : Vimが4ついるよ!
 02:45 kana : 背景青い!
 02:46 ujihisa : 辞書と書いてT_Hashと読む
 02:46 kana : Turbo C++ 1.0思い出した! >青背景
 02:46 krogue : とりゃ
 02:46 mootoh : so % とした
 02:46 mootoh : これは参考になる
 02:46 takano32 : Spacesssssssss!
 02:46 mootoh : いま縦選択したよ!
 02:46 kana : Vimball - http://www.vim.org/scripts/script.php?script_id=1502
 02:47 mootoh : これはいい fold プレゼン
 02:48 from_kyushu : 見たいのに見れない
 02:48 mootoh : かわゆい
 02:48 kana : :help blockwise-visual >mootoh
 02:48 syou6162 : help
 02:49 kana : いわゆる矩形選択
 02:49 tenkoma : www
 02:49 krogue : ww
 02:49 tor_ : どうしたんでしょ
 02:49 kana : おちゃめなMac OS X吹いた
 02:49 tenkoma : w
 02:49 tor_ : VimMのMはMacのMですか？
 02:50 ujihisa : eMacs
 02:50 tenkoma : command + F8
 02:50 kana : これはModokashiiのMですね
 02:50 mootoh : そして時はうごきだすゥゥゥ
 02:50 tor_ : VimModokasii ﾜﾛﾀ
 02:50 bsheep : 「何もなかったですよ」
 02:53 mootoh : Terminal.app のフォント設定は鬼門
 02:53 kana : :set number派の人って多いんですかねー
 02:53 mootoh : kana: それあとで話す
 02:53 krogue : :se nonu派
 02:53 ryo7000 : numberいらない
 02:53 ujihisa : relative_number派
 02:53 from_kyushu : set number派
 02:53 jj1bdx : viha
 02:53 ujihisa : 時代は相対業番号
 02:53 jj1bdx : vi は set nonu で普段表示しておいて，必要になったときだけかなあ > set nu
 02:54 takano32 : C-gで見れるしね
 02:54 mootoh : gvimを起動するたびにDockにVimが産まれる
 02:54 from_kyushu : 頻繁に行番号指定して移動するから基本出している
 02:54 mootoh : from_kyushu: 同意
 02:54 from_kyushu : mootoh: MacVimはそうなる
 02:54 mootoh : そうなんだっけ? > MacVim
 02:55 from_kyushu : 会社の先輩のMacBookにMacVimインストールしたらそういう動きしてた
 02:55 from_kyushu : おいらはMacPortsからインストールしているので、他に要因あるか調べていない
 02:55 mootoh : うちの子は make install したやつですね
 02:55 beatinaniwa : MacVimってTerminal.appから使うのと何か違うんですか？
 02:56 syou6162 : それ気になる<beatinaniwa
 02:56 mootoh : colorscheme がかっこよくなる > GUI Vim
 02:56 mootoh : hhdgreen とか Terminal からつかうと涙目
 02:56 tenkoma : MacVimでも一個しかアイコン生成されないな
 02:57 kana : guicolorscheme.vim - auto convert gui-only colorschemes to 88/256 color terminal schemes : vim online - http://www.vim.org/scripts/script.php?script_id=1809
 02:57 beatinaniwa : mootoh: なるほど
 02:57 from_kyushu : MacVimはプロセスつくる度にアイコンがひとつ増えた
 02:57 mootoh : Cocoa Vim の動向も気になるんですよね
 02:58 kana : よし、Vim関連の記事を今から書くか
 02:58 tenkoma : google codeからダウンロードしたものだと１個だけ？
 02:58 from_kyushu : おいらもGoogle Codeからですよ
 02:58 beatinaniwa : kana++
 02:58 ryo7000 : kana++
 02:58 from_kyushu : kana++
 02:58 mootoh : kana がVim以外について書いてるのを知らない
 02:58 kakatofu : 期待してます kana++
 02:58 syou6162 : kana++
 02:59 kakatofu : no vim no life
 02:59 beatinaniwa : mootoh: 確かにww
 02:59 krogue : kana++
 02:59 from_kyushu : 途中からプレゼン見ても何やっているかよく分からない
 02:59 tenkoma : 同じく >from_kyushu
 02:59 ujihisa : kanaがvim以外の記事を書くと、アイデンティティを喪失て、世界が崩壊する
 02:59 mootoh : Sexplorer みたいなのをつくってる > プレゼン
 03:00 kana : ひどいいわれようだ
 03:00 from_kyushu : Sex plorer と空目した
 03:00 kana : LisperはSexp lorerと空目するはず
 03:00 mootoh : 888
 03:00 tenkoma : 8888
 03:01 kana : 8888888
 03:01 from_kyushu : 88888
 03:01 ryo7000 : 8888
 03:01 tor_ : 888
 03:01 krogue : 888888
 03:01 syou6162 : 888
 03:01 Hash : むずかった
 03:01 mootoh : see usr_41 との御言葉
 03:01 Hash : 勉強しよう
 03:01 kana : Q. tlib以外でid:taku-oさんがイケてると思ってるライブラリはありますか?
 03:01 mootoh : ほぼ決まり文句ですね
 03:01 mootoh : *.jax てなんだ
 03:02 mootoh : 日本語ドキュメントなのか
 03:02 from_kyushu : usr_41
 03:02 kana : 日本語版helpです >*.jax
 03:02 from_kyushu : 昨日から読んでいるところ
 03:02 mootoh : スタック退避みたいなかんじね
 03:02 ryo7000 : 日本語helpありがたすぎる
 03:02 from_kyushu : y
 03:02 mootoh : A: ないです
 03:02 syou6162 : w
 03:02 bsheep : A：alignがそこそこまし
 03:02 ujihisa : {}の声?
 03:03 kana : ありがとうございます
 03:03 kana : 8888
 03:03 ujihisa : 888
 03:03 tor_ : 888888
 03:03 krogue : 88888
 03:03 ujihisa : 0x888
 03:03 mootoh : きゅうけいです
 03:03 beatinaniwa : 次はmootoh?
 03:03 from_kyushu : http://www.vim.org/scripts/script.php?script_id=1863
 03:03 syou6162 : rest
 03:03 from_kyushu : tlibってこれか
 03:03 beatinaniwa : 時間がたつのが意外と早い
 03:04 tor_ : もう一時間！
 03:04 tor_ : 早いなぁ
 03:04 mootoh : オレオレ
 03:04 kana : 暑いし熱い
 03:04 kana : メガネのイケメンが……!
 03:05 tor_ : 表示がデカい！
 03:05 ujihisa : メガネのイケメン
 03:05 mootoh : ustのひと、文字みえますか?
 03:06 yuyarin-1 : I☆KE☆ME☆N
 03:06 ujihisa : 略してメガメン
 03:06 kana : OK!
 03:06 krogue : megamen
 03:06 ujihisa : yuyarin帽子配信してよ
 03:06 yuyarin-1 : なんでやねん
 03:06 mootoh : でかすぎる?
 03:06 kana : gdb...!?
 03:06 ujihisa : niceツッコミ
 03:06 beatinaniwa : ujihisa何か用意してるの？
 03:06 ujihisa : 資料完成した
 03:06 beatinaniwa : おお
 03:06 ujihisa : CamTwistも起動してる
 03:06 yuyarin : 寝たら体調が回復したくさいので会場に特攻しようと思ったが
 03:06 yuyarin : 替えのパンツがない
 03:07 beatinaniwa : ノーパンでおｋ
 03:07 ujihisa : ヒント: 帽子を履く
 03:07 tenkoma : 天井を映さないように調整していただけますか？>カメラ
 03:07 bsheep : 空気読まずに質問なんですけど、会場内のネットの設定教えてください＞＜
 03:08 mootoh : やっぱさぶいよ
 03:08 beatinaniwa : MacBook+emobileのsyou6162に寄生してます＞会場内のネット
 03:09 tor_ : syou6162さんにみんなでぶらさがってるのか
 03:09 kana : syou6162++
 03:09 beatinaniwa : 他にMac+emobileの人はいないのかな？
 03:09 kakatofu : お腹
 03:09 krogue : syou6162++
 03:09 kana : Rでインターネットができます(syou6162氏
 03:09 mootoh : syou6162 ++
 03:09 yuyarin-1 : しょうろくじゅういちろくじゅうに++
 03:10 tor_ : Rでルーター組んだんですね、syou6162++
 03:12 yuyarin-1 : ぽーたろうだ
 03:12 tor_ : 酔う…
 03:12 mootoh : はじまるですよ
 03:12 Hash : sorosoro
 03:12 taku-o : MacVIM vs Cocoa はvim-mac ML を検索すると、機能の比較がみつかる
 03:12 syou6162 : うおなんだ
 03:13 syou6162 : 自重して使ってよ
 03:13 kana : 10ねん!
 03:13 ujihisa : wwwwwwwwwwwwwwwwwwwwwwww
 03:13 kana : おい
 03:13 ryo7000 : www
 03:13 kana : oiwww
 03:13 tor_ : ｗｗｗｗ
 03:13 tenkoma : wwwww
 03:13 ujihisa : wwwwwwwwwwwwwwwwwwwwwww
 03:13 kana : うぇーえーl!?
 03:13 yuyarin-1 : それ秀丸で
 03:13 krogue : chowww
 03:14 kana : おおー
 03:14 ryo7000 : oo
 03:14 krogue : oo
 03:14 ayucat : emacsで行番号ってどうやって表示すんの？
 03:14 syou6162 : wc *.[ch]→370000
 03:14 kana : 37万行ぐらい読める(id:mootoh)
 03:15 kana : ed→ex→vi→Vim
 03:15 ujihisa : 「37万行なら読むのに三日はかかりますね」(上野氏)
 03:15 yuyarin-1 : 上野氏なら３分で行ける
 03:16 syou6162 : 読みやすい
 03:18 ryo7000 : gdbだけEmacsうらやましい。clewn、vimgdbもそれなりだけど
 03:18 yuyarin-1 : lcが跳ねとる
 03:18 kana : 一応、バージョン番号は明示しておいた方が良いと思います。Vim 7.1.330等。
 03:18 ujihisa : 拡大縮小が酔うよー
 03:18 kana : 関数単位なら良いですけど行番号は微妙にずれます
 03:18 yuyarin-1 : フォーカス自重
 03:19 ujihisa : mootohと書いたらgrowlとかでてくるかな
 03:19 yuyarin-1 : mootoh
 03:19 ujihisa : 心臓の鼓動みたい
 03:19 ujihisa : > 拡大縮小
 03:19 Hash : ふぉーかすがひどいな
 03:20 Hash : しょうめんにいく
 03:20 ujihisa : {}++
 03:20 syou6162 : はっしゅ先生がまた調整中
 03:20 ujihisa : はっしゅは精神的貴族
 03:21 tor_ : hash++
 03:21 yuyarin-1 : はっしゅっしゅ！
 03:21 Hash : ふぉかすじちょう
 03:21 ryo7000 : hash++
 03:21 ujihisa : ふぉぉぉかすぅぅぅぅ
 03:21 ujihisa : もうやめて! オレのライフは0よ!
 03:21 tor_ : フォーカス--
 03:21 yuiseki : focus
 03:22 ujihisa : おもったんだけど
 03:22 from_kyushu : 手動フォーカスにできねーの
 03:22 ryo7000 : fmfm
 03:22 from_kyushu : fmfm
 03:22 ujihisa : フォーカスが走った瞬間にHashが逆方向にカメラを動かせばいいんじゃね
 03:22 krogue : fmfm
 03:22 tor_ : fmfm...?
 03:22 Hash : それなんてJOJO
 03:24 ryo7000 : 8888
 03:24 kana : 88888888
 03:24 krogue : 888888
 03:24 tor_ : 888888
 03:24 tenkoma : 8888
 03:24 syou6162 : 888
 03:24 kana : Operator関連のコードは魔界村
 03:24 umeji : 888
 03:24 syou6162 : gdb
 03:25 sekido : gdb Vim `ps xa | grep '/Applications/Vim' | cut -f 1 -d ' '`
 03:26 ujihisa : 大阪のVim勉強会#3では本体のソースよみますか
 03:26 kana : Vim プチハックのメモ - http://www.k3.dion.ne.jp/~jod/vimhack.html
 03:27 beatinaniwa : vimのundoはブランチがつくれる？
 03:27 kana : ノシ
 03:27 mickey24 : undo.cのコメントが凄い。
 03:27 syou6162 : undoのブランチ
 03:27 kana : :help undotree
 03:27 ryo7000 : undoブランチ使いこなせてない
 03:27 kana : matigaeta
 03:27 kana : :help undo-tree
 03:28 mootoh : アン ドゥ トロワ
 03:28 beatinaniwa : へー
 03:28 syou6162 : 8888
 03:28 ujihisa : 888888888
 03:28 ryo7000 : 8888
 03:28 syou6162 : suztomo
 03:28 tor_ : 88888
 03:28 ujihisa : いま気づいたんだが、俺の発表
 03:28 ujihisa : そっちの会場にスピーカーがないときつい気がした
 03:28 kana : 変更1→変更2→undo→変更3ってしたら普通のエディタじゃ変更2にundoできないけどVimはできる >beatinaniwa
 03:28 ujihisa : 音量的な意味で
 03:29 beatinaniwa : すげえ
 03:29 mootoh : さけぶんだ > ujihisa
 03:29 kana : 普通のエディタじゃ変更3からundoすると変更1にしか戻れない
 03:29 ujihisa : !
 03:29 ujihisa : なるほど
 03:29 ujihisa : suztomoww
 03:29 beatinaniwa : emacsにはできない！
 03:29 mootoh : Keynote のスライドはきれいやなー
 03:29 kana : g-やg+を試してみると良いですよ
 03:29 krogue : 左手小指が痛くなってきた
 03:30 mootoh : vector < vector <string> > ですね、わかります
 03:30 syou6162 : tokyo-emacs
 03:30 beatinaniwa : また加工www
 03:30 takano32 : 右シフトですね。わかります。
 03:30 mootoh : これはひどい
 03:30 kana : うらぎりものがでたぞー
 03:30 poohtarou : これはひどい
 03:30 ryo7000 : これはひどい
 03:31 krogue : これはひどい
 03:31 yuyarin-1 : これはひどい
 03:31 syou6162 : lwww
 03:31 yuiseki : wwww
 03:31 takano32 : RubyKaigiでRubyからJavaへ並ｗｗｗｗｗ
 03:31 mootoh : なぜ私が10年間Vimをつかってるか、の本当の理由については懇親会で話します
 03:31 yuyarin-1 : 懇親会++
 03:31 from_kyushu : 懇親会++
 03:31 mootoh : yuyarinくるよね
 03:32 mootoh : DISり自重
 03:32 from_kyushu : あぷたなじゃなくてあぷたーなと読むのか
 03:32 mootoh : VImで課題を提出できました、ですね
 03:33 kana : set numberの凄さその1: 参加者の人数を自動的に把握できる
 03:33 syou6162 : !
 03:33 takano32 : ぶ
 03:33 mootoh : えろいな > Emacs縛り
 03:33 syou6162 : 合宿でemacs縛り
 03:34 yuyarin-1 : ハチロクきめぇ
 03:34 beatinaniwa : ハチロク--
 03:34 tenkoma : 秀丸 > PHPエディタ > aptana > vim > Flex Builder > (Emacs)
 03:34 mootoh : 少数派www
 03:34 kana : Vimではコマンドモードではなくノーマルモードです
 03:34 syou6162 : おまw
 03:34 takano32 : C-[
 03:34 mootoh : あ、だから normal.c なのか
 03:34 kana : 「コマンドモード」だとCommand-line mode (:なんとかを使うやつ)と混同される恐れがあります
 03:34 Hash : ほんまや
 03:34 mootoh : 「ひらがな」キーにするとかすればいいんじゃないかな > esc
 03:35 syou6162 : 遠い
 03:35 sekido : Escの代わりに C-[ ですか？
 03:35 kana : nnoremap <C-@>  <Esc>  " 再掲
 03:35 sekido : やれば良いんじゃん。C-[だた
 03:35 beatinaniwa : @のほうがよさそう
 03:35 ryo7000 : あ、それいいな
 03:35 mootoh : viperの話かな
 03:35 takano32 : 小指の付け根でおす
 03:35 takano32 : 基本
 03:35 tor_ : JIS配列をDISDIS
 03:35 kana : 物理的キー配置は好みによりけりですね
 03:36 kana : 52人も見てるのかー
 03:36 mootoh : 足踏みペダルでESCキーをつくろうとしたことが僕にもありました
 03:36 krogue : ノートなので無理です < 小指の付け根
 03:36 syou6162 : ペダルww
 03:36 ryo7000 : n_CTRL-@ってほかに使ってないのかー
 03:36 takano32 : ノーとはMacなので問題ない（ぇー
 03:36 mootoh : suztomoに賛同が得られない現場++
 03:37 kana : あー、まちがえた。nnoremapでなくnoremapdです。
 03:37 kana : s/noremapd/noremap/
 03:37 mootoh : mayuはいいよね
 03:37 mootoh : mayuがなかったらWindowsつかえなかった
 03:37 beatinaniwa : あれ noremapでも普通に動いたけど
 03:37 tor_ : Vimperator使おうぜ！
 03:37 yuyarin-1 : viewerは41だぜ
 03:37 takano32 : ControlとCommandが別のMac最強
 03:37 kana : noremap = nnoremap + vnoremap + onoremap
 03:38 kana : Visual modeでもOperator-pending modeでも<C-@>でキャンセルできる。
 03:38 beatinaniwa : masudaさん？
 03:38 beatinaniwa : masuiさんじゃないの？
 03:38 mootoh : masuiさんといえばPOBOX
 03:38 syou6162 : masuiさん
 03:38 kana : noremap! <C-@>  <Esc>も。
 03:38 yuyarin-1 : vistaで動作しないmayu
 03:38 kana : ノシ セミコロン<ー>エンターやってまーす
 03:38 krogue : mayuが使えないvistaは買わない
 03:39 mootoh : え、vistaだとつかえないの?
 03:39 taku-o : vistaだめか
 03:39 kana : ドライバ関係のポリシーが絡んで実質使えません >mootoh
 03:39 mootoh : えええ
 03:39 mootoh : MacBookKeyRemapだっけ
 03:39 syou6162 : あるよ
 03:39 beatinaniwa : kana: nnoremap <C-@> <Esc> でも動くようなのですが...
 03:39 kana : 回避策はあるっぽいですが本質的なものではないのでやはり使えないと考えた方が良いです >mootoh
 03:39 mootoh : bindkey -v だろ JK
 03:39 kana : noremap = nnoremap + vnoremap + onoremap >beatinaniwa
 03:40 mootoh : ここ3年ずっと bindkey -v
 03:40 kana : ついでにnoremap! <C-@> <Esc>もしましょう >beatinaniwa
 03:40 takano32 : そそ。bashのライン編集みたいなことができる
 03:40 tor_ : そもそもmayuじゃなくてMacにはxmodmapmみたいなのはないの？
 03:40 takano32 : ある
 03:40 beatinaniwa : kana: thx
 03:40 mootoh : そういえばCocoaアプリでEmacsキーバインドつかわないな
 03:41 Hash : きた！
 03:41 mootoh : また dropdb か
 03:41 poohtarou : またか
 03:41 beatinaniwa : ネットストーカーのデモwww
 03:41 from_kyushu : ネットストーカーsuztomo
 03:41 tenkoma : www
 03:41 tor_ : www
 03:41 syou6162 : これはw
 03:42 takano32 : なんじゃこりゃｗｗｗ
 03:42 takano32 : イミフ
 03:42 krogue : ｗ
 03:42 tenkoma : 5病w
 03:42 beatinaniwa : ん、これはもうvim関係ない？
 03:42 mootoh : ここ電話かけたら神
 03:42 taku-o : Mac7割くらいか？
 03:42 from_kyushu : VimもEmacsも関係ない
 03:42 takano32 : FirefoxとかSafariのロケーションバーが賢いんじゃ・・・
 03:42 syou6162 : kaeru_sanがtop
 03:42 krogue : vimmのmはやはりmacのmか
 03:43 mootoh : いや、この後衝撃のVim展開があるにちがいない
 03:43 taku-o : あー、これSafariだと結構便利だ
 03:43 mootoh : accesskeyとのバッティングはよくある
 03:44 mootoh : アクセスキーとバッティングするようなEmacsバインドは廃止されるべき
 03:44 syou6162 : pukiwiki-mode使えばいいんじゃね
 03:44 takano32 : そもそもブラウザよりもコンテンツのバインドが優先されるってのはどうなんだ
 03:45 tor_ : fxはアドオンでショートカットキー全部変更できるよ
 03:45 tenkoma : ふにゃふにゃ
 03:45 kana : Operaはカスタマイズすれば'xなどでaccesskeyを使えるようにできてVim likeで良いよ!
 03:45 tor_ : more hentai 吹いたｗｗｗ
 03:45 kana : VimMorehentai
 03:46 tenkoma : One More Hentai
 03:46 mootoh : なにがいいたかったというと、hentai いいよ、ということですね
 03:46 kana : 林檎使いの憂鬱を作りましょう
 03:46 kana : (対抗して
 03:46 Hash : One More Hentai　ｗｗｗ
 03:47 mootoh : りんごつかいの憂鬱ってなにがあるだろう
 03:48 takano32 : んにゃんにゃ4Macというカスタマイズするソフトウェアがあったはす
 03:48 tor_ : 林檎を使って窓並みの憂鬱になるの？
 03:48 mootoh : TopCoderの問題は非参加者には見せちゃいけないんだよー
 03:48 beatinaniwa : w
 03:48 mootoh : あと、これはEmacsの機能じゃねえ
 03:48 beatinaniwa : なんというミスリーディング
 03:49 mootoh : TopCoder Arena のプラグイン written in Java だろ
 03:49 tor_ : 不特定多数に配信！ >topcoder
 03:49 beatinaniwa : 悪徳Emacs商法に注意！
 03:49 kana : KeyRemap4MacBookダサいってTwitterでボヤいたら作者の方からツッコまれました。
 03:49 mootoh : gdb連携をだしてくるのはあざとす
 03:49 mootoh : そこで dropdb とタイポしてほしかった
 03:50 kana : :make %<.o
 03:50 mootoh : それ screen 縦split で
 03:51 beatinaniwa : 確かにww
 03:51 ryo7000 : clewnだとマウスオーバーでバルーンヘルプだせるよ！
 03:51 takano32 : M-pとかあるからな
 03:51 takano32 : 適材適所だと思うよ
 03:51 beatinaniwa : Terminal.appで複数タブでもそんなに変わらないかなあ
 03:52 mootoh : 複数タブは、同時にみれないからいやだなー
 03:52 f99aq : 88888888888888888
 03:52 takano32 : あうぇいなのにがんばった〜
 03:52 ryo7000 : 8888
 03:52 tor_ : 888888888888888
 03:52 tenkoma : 888888
 03:52 krogue : 888
 03:52 mootoh : うお、いつのまにか2時間たってる
 03:52 kana : Q. EmacsでC-hは何に割り当ててますか?  (Vimだと:helpとbackspaceの両方を割り当てられますよ的な意味で)
 03:53 kana : 入力が遅れた
 03:53 ujihisa : きゅうけいたいむ
 03:53 ujihisa : 会場にいるみなさん
 03:53 mootoh : いま回答しようとしてます
 03:53 ujihisa : スピーカーとかもってきていないですかー?
 03:53 mootoh : ujihisa がustすればいいんじゃね
 03:53 ujihisa : スクリーンにうつさずかも
 03:54 beatinaniwa : c-hはhelp
 03:54 beatinaniwa : by suztomo
 03:54 ujihisa : 俺のをみんなが個別に見ればいいのか
 03:54 ujihisa : 確かに
 03:54 from_kyushu : それって
 03:54 from_kyushu : かなり回線圧迫されない？
 03:54 beatinaniwa : 今suztomoが打ちました>kana
 03:54 syou6162 : 両方とかできるのか
 03:54 kana : Q. じゃあdelete-backward-charは何に割り当ててるんですか?
 03:54 takano32 : 最近のだとC-hに勝手になってるね
 03:55 takano32 : 最近のディストリ
 03:55 beatinaniwa : backspaceはKoyubiががんばりますbyすずとも
 03:55 kana : nnoremap <C-h>  :<C-u>help<Space>  ">syou6162
 03:55 kana : さすがEmacsユーザー、小指の強靭さは半端ではないですね!
 03:56 takano32 : んで、F1に help とかなっててビビル
 03:56 ujihisa : nnoremap <C-h> :!sudo shutdown -h now
 03:56 yaotti : emacs?
 03:56 syou6162 : どもです<kana
 03:56 kana : あれでInsert modeではdelete-backward-char、Normal modeで:helpを簡単に引けるようになります >syou6162
 03:57 takano32 :  vimの話ですね・・orz
 03:57 beatinaniwa : なんでkana1さんはいないんですか？
 03:57 kana : まあVimにはEmacsでいうdescribe-bindingsとかその他のヘルプ関連の機能はないのでどっこいどっこいですね
 03:57 taku-o : 白背景と、黒背景、どっちがみやすい？
 03:57 kana : あなたの背後に居ます >beatinaniwa
 03:57 beatinaniwa : きょう
 03:57 syou6162 : skypeでやるのか<ujihisa
 03:58 krogue : 白派
 03:58 mootoh : ぬこ!
 03:58 taku-o : 黒の方がおおいのか。せっかく白にしたのに
 03:58 ujihisa : (a) skypeでぷろじぇくた
 03:58 ujihisa : (b) 直接ust
 03:58 ujihisa : どっちがいいんだろ
 03:58 kana : トキオーはトオイですよー >beatinaniwa
 03:58 takano32 : infoとかあるいみ宗教的な教典が読めるのもありがたいけど、個人的にはなんだかUNIXっぽくなくてイヤ
 03:58 mootoh : kana さんはどこなのですか?
 03:58 kana : MS-DOSの頃から黒背景です >taku-o
 03:58 kana : 愛媛ですよ
 03:58 ujihisa : おれのこえきこえてるー?
 03:58 mootoh : みかんですね
 03:58 beatinaniwa : えひめ！
 03:58 beatinaniwa : 聞こえない＞ ぅじ
 03:59 ujihisa : ずっとしゃべってる
 03:59 mootoh : 温泉いきたいです > 愛媛
 03:59 kana : 道後温泉ですね。分かります。
 03:59 mootoh : Vim温泉
 03:59 kana : えーw
 03:59 mootoh : ktkr
 03:59 takano32 : なんというPythonオマージュｗｗｗｗ
 03:59 syou6162 : ujihisa
 03:59 taku-o : python温泉みたいだな
 03:59 tor_ : 愛媛にはVim温泉とかあるのか。愛媛++
 03:59 mootoh : ust on ust か
 04:00 kana : でも愛媛はあまり観光するところないような気がしまする
 04:00 takano32 : きた
 04:00 from_kyushu : ustやんの？
 04:00 takano32 : ujihisa
 04:00 kana : !!?!
 04:00 mootoh : ちがう、 skype on ust か
 04:00 from_kyushu : skype
 04:00 from_kyushu : か
 04:00 beatinaniwa : uji
 04:00 beatinaniwa : kaodekai
 04:00 kana : ハイテクだ!
 04:00 mootoh : 愛媛は人生で1度だけ行ったことがありますね
 04:00 tenkoma : deka
 04:00 takano32 : channel/ujihisa でよくね？とか一瞬オモタ
 04:00 syou6162 : ラスカル
 04:00 beatinaniwa : suztomoにクラッキングされてた
 04:00 ryo7000 : ラスカル
 04:01 mootoh : 優雅やなー > ujihisa
 04:01 syou6162 : きこえた
 04:01 beatinaniwa : 声聞こえた
 04:01 kana : 優雅w
 04:01 syou6162 : いけるいける
 04:01 mootoh : SUGEEEEEEEEEE
 04:01 takano32 : 優雅すぐるｗｗｗ
 04:01 beatinaniwa : めちゃ聞こえる
 04:01 yuiseki : ujihisa！！
 04:01 mootoh : 日本のアイティはすごいですね!
 04:01 takano32 : 何今のアンニューイな飲み物ｗｗｗｗ
 04:01 kana : 貴族ujihisa
 04:01 yuiseki : あいてぃ！！
 04:01 taku-o : ＣＭ中です
 04:01 mootoh : アイティかくめい
 04:01 beatinaniwa : 研究室？
 04:02 beatinaniwa : ほー
 04:02 kana : ※VimMはご覧のスポンサーの提供でお届けしております。
 04:02 tor_ : 今はCM中ですか
 04:02 mootoh : この1時間あとって .vimrc 晒し祭りなのかな
 04:03 taku-o : うちの会社にも、ここの自販機ほしい
 04:03 takano32 : ぱんだーぱんだー
 04:03 syou6162 : やべ
 04:03 syou6162 : .vimrcちょっとしか(ry
 04:04 takano32 : カスタマイズあまりしなくても使いやすいvimということで
 04:04 mootoh : 自販機 not found
 04:05 krogue : nnoremap j gj くらいしか書いていない < .vimrc
 04:05 kana : お茶の隣に鶴屋さんフィギュアを置けば良いと思います >hash
 04:05 kana : noremap j gjの方が良いですよ >krogue
 04:06 kana : あとはnoremap gj jとして本来のjも使えるようにしておくと良いです
 04:06 kana : (その辺のことをいま書いてました。)
 04:06 mootoh : alias gj="echo おつかれさま!"
 04:07 kana : are
 04:07 krogue : きちんと noremap になってた、gj => j も書かれてた！不思議！
 04:08 kana : とまった
 04:08 Hash : ustのログってほぞんできる？
 04:08 kana : なおった
 04:08 kana : むりです
 04:08 kana : 途中からなら保存してます
 04:08 tor_ : チャットの？
 04:09 kana : 私の方はid:taku-oさんの発表開始からのログが残ってます(それ以前は保存し忘れてた)
 04:09 yuyarin-1 : ログってIRCなのか動画なのか
 04:09 taku-o : 保存できないんだ？閉じたら終わり？
 04:09 Hash : あ、IRC
 04:09 yuyarin-1 : tiarra噛ませてるから保存できてる
 04:09 yuyarin-1 : はず
 04:09 Hash : 動画はこちらもtaku-oさんあたりから記録
 04:09 tor_ : kanaさんのあと40分ぐらい〜からずっとつけっぱ。
 04:11 tor_ : 900行ちかくあるな…
 04:12 mickey24 : beatinaniwaが間違ってあったかい飲み物を二つも取ってきてしまった。
 04:12 kana : ※動画は後日YouTubeやニコニコ動画にミラーされます
 04:12 kana : とまった
 04:12 tor_ : あたたか〜い
 04:12 kana : なおった
 04:14 tor_ : Mega Mawaru
 04:14 kana : VimMegamawaru
 04:14 ujihisa : beatinaniwa
 04:14 kana : VimMachigatteAttakaiNomimono
 04:15 taku-o : oo saikai
 04:16 kana : 音声OK
 04:16 taku-o : 世の中便利になったな
 04:16 Hash : いいですよ
 04:17 ujihisa : はじめちゃっていいですかー?
 04:17 ujihisa : dkdk
 04:17 kana : スピーカー越しのせいかロボっぽく聞こえますね
 04:17 yuiseki : robohisa
 04:17 sekido : カメラが写ってないですよ＞ujihisa
 04:17 kana : ※あの美少女がujihisaさんです
 04:17 Hash : アイコンしか
 04:17 taku-o : 拍手はきこえてるのか？
 04:17 tenkoma : wwww
 04:18 kana : 8888
 04:18 krogue : 88
 04:18 tor_ : 88888
 04:18 tenkoma : 8888
 04:18 ryo7000 : 8888
 04:18 Hash : いけました
 04:18 Hash : おｋ
 04:18 poohtarou : 写った
 04:18 sekido : みえてます
 04:18 takano32 : 心で
 04:18 kana : おおー
 04:18 tenkoma : ooo
 04:18 kana : ハイテクすぎる
 04:18 mickey24 : Uji IMproved
 04:18 tor_ : VimMieteru
 04:18 krogue : uim
 04:19 ryo7000 : ujm
 04:19 kana : UJi iMprovedでないのか
 04:19 ayucat : M3!!!
 04:20 kana : noremap : ;ですね
 04:20 kana : ちげえ
 04:20 tor_ : w
 04:20 kana : noremap ; :
 04:20 Hash : だいじょうぶ
 04:20 mickey24 : キーバインド以外の存在は誤差の範囲内。
 04:20 bsheep : 流れてます
 04:21 tenkoma : 大丈夫です
 04:21 ayucat : 10h/dって。。。＞＜
 04:21 yuyarin-1 : tp://yuyar.in/vimm/
 04:21 taku-o : 俺ポータビリティか、ナイス造語
 04:21 kana : 10h/dか。否定できない。
 04:22 mootoh : やっとつながった
 04:22 mootoh : 小指死亡www
 04:22 Hash : ｗｗ
 04:22 yuyarin-1 : IRCログ（リアルタイム）
 04:22 kana : はいだめ
 04:22 mootoh : :w Ctrl-J でいくね?
 04:23 yuyarin-1 : 明日ぐらいに消滅する
 04:23 kana : nnoremap <Leaderw :<C-u>write<Return>
 04:23 kana : nnoremap <Leader>w :<C-u>write<Return>
 04:23 kana : スライドのだと3<Space>wとかやったら泣きますよ
 04:23 beatinaniwa : ノシ
 04:23 guyon : 短い
 04:23 Hash : みじかい
 04:23 Hash : www
 04:23 mootoh : Vim optimized finger
 04:23 syou6162 : ww
 04:23 kana : :set autowrite  " 自動保存
 04:24 kana : 同じかな
 04:24 tor_ : ちょっと長いかな
 04:24 f99aq : www
 04:24 kana : www
 04:24 tenkoma : 若干長い
 04:24 kana : Emacsを使うには小指の長さが重要らしい
 04:24 ryo7000 : ちょっと長い
 04:24 syou6162 : www
 04:24 beatinaniwa : キングクリムゾンwww
 04:25 mootoh : space がすきなんですね
 04:25 mootoh : ねころがってvim
 04:25 Hash : naruhodo
 04:25 beatinaniwa : 見えてる
 04:25 mootoh : ぅはぁ
 04:26 mootoh : なるなる
 04:26 Hash : slはいいな
 04:26 mootoh : いまモザイクかかったよ!
 04:26 sekido : 何が起っているのかわからない＞＜
 04:26 kana : はやい
 04:26 kana : nmap <Esc>  <C-w>派
 04:26 f99aq : nrhd
 04:26 mootoh : kana ktkr
 04:27 tor_ : 何がおきてるのかわからない…
 04:27 takano32 : きもいｗｗｗｗｗｗｗｗ
 04:27 Hash : みえてる
 04:27 kana : 七割w
 04:27 mootoh : みえてる
 04:27 Hash : みえてる
 04:27 mootoh : Flymakeがないよ
 04:27 beatinaniwa : ujihisaっぽくないコードだ
 04:28 kana : GNU screen + rectickでキー入力を可視化できるけど、文字サイズ的にちょっと辛いかなー
 04:28 mootoh : そうなんだ  > ぽくない
 04:28 taku-o : .Trashに入れるって
 04:28 mootoh : やるやる
 04:28 taku-o : 方法がaruんだ
 04:28 mootoh : らんらんるびー
 04:29 mootoh : 打鍵音が不気味
 04:29 takano32 : そのわりにC-uつかわないとか・・・
 04:29 f99aq : おー
 04:29 ryo7000 : あ、いいな
 04:29 kana : お?
 04:29 mootoh : うたいだした
 04:29 tor_ : 打鍵が はやく きこえて くるよ
 04:30 syou6162 : なんでなんで
 04:30 kana : ちゅんちゅん吹いた
 04:30 beatinaniwa : なんで外人なんだよw
 04:30 kana : do - endでなくて{ - }でないのん?
 04:30 beatinaniwa : 結合度？
 04:30 kana : そうですね
 04:30 mootoh : へー
 04:31 kana : do endは弱いのでpにブロックを渡してたと思います
 04:31 mootoh : それはしらなんだ
 04:31 kana : *渡したことになる
 04:31 mootoh : ほぼ常に do end 派
 04:31 yuyarin-1 : Ruby勉強会ですね、わかります
 04:31 kana : すーぱーrubyたいむ
 04:31 Hash : すげー
 04:31 tor_ : 早口すぐる
 04:31 mootoh : diffはいいな
 04:32 yuyarin-1 : PHPならそんなことに悩まなくて済むよ！！
 04:32 kana : スライド中の<Space>はg:mapleaderの値によって異ると思います
 04:33 kana : ujihisaさんはlet g:mapleader = ' 'のはず
 04:33 yuyarin : yuisekiがECナビの自販機飲み尽くす勢い
 04:33 mootoh : ujihisa は左利きなのかな > asdf 連打的な意味で
 04:34 ayucat : 縦割りかー、、、
 04:34 kana : vcscommand - http://www.vim.org/scripts/script.php?script_id=90
 04:34 kana : motemen's git-vim - http://github.com/motemen/git-vim/tree/master
 04:34 mootoh : rightbelow とな
 04:35 taku-o : ＮＥＫＯ
 04:35 mootoh : ぬっころされる
 04:35 kana : vcscommandは有名どころのバージョン管理システムに対する汎用I/Fです
 04:35 bsheep : なぜぬこ？
 04:35 yuiseki : nekowwwwww
 04:35 kana : ※Vimでネコが飼えます
 04:36 guyon : 弱い順
 04:36 mootoh : よわい順www
 04:36 taku-o : 四天王
 04:36 mickey24 : 関西vim四天王ｗ
 04:36 beatinaniwa : 四天王ktkr
 04:36 kana : 四天王ww
 04:36 kana : イケメンのid:secondlifeさんだ
 04:36 tenkoma : 5,6秒はタイムラグがあるなー
 04:37 beatinaniwa : kana先生は関東に分類？
 04:37 kana : Ehimeですよ
 04:37 mootoh : 四天王の上に神が
 04:37 beatinaniwa : ktkr
 04:37 syou6162 : ktkr
 04:37 kana : えらいw
 04:37 mootoh : kana ktkr
 04:37 beatinaniwa : kana++
 04:37 Hash : 神！！！！
 04:37 guyon : kana++
 04:37 syou6162 : kana++
 04:37 yuyarin-1 : kana**
 04:37 ryo7000 : kana++
 04:37 kana : 訂正するまでもなかった >ふぃじーふぁいんだー
 04:37 Hash : kana++
 04:37 tor_ : 現場組のネタバレGAGAGA
 04:38 tenkoma : w
 04:38 mootoh : Vim詣ですね
 04:38 guyon : TODO:かよう
 04:38 beatinaniwa : 8888888
 04:38 taku-o : ８８８８８
 04:38 syou6162 : 888
 04:38 f99aq : 888
 04:38 mootoh : id:secondelife のすごい話という伏線は回収されないの?
 04:38 kana : http://www.lingr.com/room/vim-users.jp
 04:38 beatinaniwa : 伏線www
 04:38 kana : 8888
 04:38 ryo7000 : 888
 04:38 tor_ : 88888
 04:38 syou6162 : 888
 04:38 mootoh : いえーい
 04:38 beatinaniwa : @yanbeはなんで登場したんだっけ？
 04:39 mootoh : beatinaniwa:  四天王の2人目
 04:39 beatinaniwa : あれ全部で5人いた？
 04:39 mootoh : kana は神
 04:39 syou6162 : 質疑はなし?
 04:39 kana : 8888
 04:39 tenkoma : いつの間にかかなりのタイムラグがありますね...
 04:39 tor_ : 8888
 04:40 taku-o : 四天王ってのはカッコイイね
 04:40 tor_ : 1分ほどではないがかなりラグがあるね
 04:40 ayucat : 関西vim四天王をもう一度文字で書いてくれる人！
 04:40 mootoh : secondlife, yanbe,
 04:40 tenkoma : うん > tor_
 04:40 kana : id:secondlife id:yanbe id:motemen id:ns9tks
 04:40 beatinaniwa : kana
 04:40 beatinaniwa : は？
 04:40 beatinaniwa : 四天王の上か
 04:40 beatinaniwa : ラスボス
 04:40 tor_ : なんで最後だけ@だったんだろ
 04:40 syou6162 : ボス
 04:40 mootoh : kanaは天上人
 04:41 ayucat : ありがと!!
 04:41 taku-o : @とidの違いはなんだ？
 04:41 mootoh : バラモスのつぎのゾーマ的な存在
 04:41 kana : = @kana1 = id:ka-nacht
 04:41 kana : @はTwitter ID、id:ははてなID >taku-o
 04:41 taku-o : おおー、なるほｄ
 04:41 mootoh : あとで ./configure の引数晒し大会をしたい
 04:41 beatinaniwa : ベルセルクのグリフィス
 04:42 Hash : グリフィスｗ
 04:42 mootoh : 自分は  CFLAGS='-O0 -g -arch i386' ./configure --with-features=huge --disable-xim --disable-netbeans --disable-acl --disable-fontset --disable-gpm --disable-gtktest --disable-hangulinput --disable-selinux --disable-sniff --disable-workshop --disable-xsmp --disable-xsmp-interact --disable-tclinterp --enable-darwin --enable-multibyte --enable-rubyinterp --enable-pythoninterp --disable-perlinterp --enable-nls --enable-cscope --w
 04:42 tor_ : 神なので四国いっこもらっているわけか。
 04:42 kana : ./configure --prefix=/usr/local/apps/vim --with-feature=big --disable-darwin --disable-netbeans --enable-multibyte --disable-gui --enable-acl --disable-nls --without-x CC=gcc CFLAGS=-O3
 04:42 mickey24 : 何かタイトルバーにBrainF*ckとか見えるんですが。
 04:43 beatinaniwa : タイトルバー？
 04:43 mootoh : まちがった、お遍路だ
 04:43 taku-o : vimスクリプトマスターへのBrainF*ck実践法？
 04:43 mickey24 : 前の画面見てみるといいよ。 >beatinaniwa
 04:43 beatinaniwa : ああ、ほんとだ
 04:43 mootoh : kana: --enable-acl はなぜ?
 04:43 tor_ : 関西は4人で分担、四国は一人で統治 おぼえた
 04:43 kana : なんとなく >mootoh
 04:44 Hash : おおおおお
 04:44 mootoh : ぶほw > mootoh
 04:44 beatinaniwa : あ、横断歩道のところにいた人だ
 04:44 suztomo : google.com!
 04:44 mootoh : さっくりVimscript
 04:44 beatinaniwa : これは最初にやるべきw
 04:44 kana : :help acl見て、とりあえずあった方が良いと思ってつけてます >mootoh
 04:45 yuyarin-1 : google.comときいて
 04:45 mootoh : くみこみktkr !
 04:45 mootoh : おれもおれも > 組み込みvim
 04:45 mootoh : vi := ロク
 04:45 ayucat : verilog来た！
 04:45 beatinaniwa : FF脳
 04:45 suztomo : i = 1
 04:45 suztomo : ii = 2
 04:45 suztomo : ...
 04:45 suztomo : v = 5
 04:45 kana : 「けいおす」って音で聞くと「chaos」にしか連想できない
 04:46 suztomo : vi = 6
 04:46 kana : ww
 04:46 tenkoma : ロクwwww
 04:46 kana : [これはすごい]
 04:46 tor_ : www
 04:46 Hash : いやいやいや
 04:46 mickey24 : BrainF*ck=言語の入り口
 04:46 mootoh : "ウィキる"
 04:46 suztomo : <censored> Pro
 04:47 kana : 現場と比較して1分くらい時間差がありますね
 04:47 mootoh : 難解というか難読だよね
 04:47 tor_ : ウィキって略すとウィキペたんが襲いにくるぞ！
 04:47 beatinaniwa : [後であわせて見たい]http://www.nicovideo.jp/watch/sm3425172
 04:47 kana : ナンカイというかナンセンスですね
 04:48 suztomo : <censored>
 04:48 mootoh : 2009年の初詣は愛媛へkana詣ですね
 04:48 suztomo : kana詣
 04:49 mootoh : http://d.hatena.ne.jp/kei-os2007/20080719
 04:49 suztomo : kanaとkanasan
 04:49 kana : ※四国八十八箇所まわらないと会えません
 04:49 suztomo : おへんろ
 04:49 ujihisa : 四天王を全員あつめたら
 04:49 ujihisa : 同じ会場にkana神も来るよ
 04:49 mootoh : なるほど!
 04:50 kana : 否定できない
 04:50 Hash : プレゼンうまいなぁ
 04:50 mootoh : Q: 関東の四天王もあつめたら神は召喚できますか?
 04:50 suztomo : まさに > 最初にやったほうがいい
 04:50 ujihisa : A: y
 04:50 mootoh : いやっほう
 04:50 beatinaniwa : 関東四天王ってだれ？
 04:50 ujihisa : 神がミカンを持って参上します
 04:50 mootoh : これはいいチュートリアル
 04:50 suztomo : ひゃほう
 04:50 yuyarin-1 : kana1 kana2 kanasan
 04:51 tor_ : それは関東の神が召喚されるの？
 04:51 beatinaniwa : ujihisaを生け贄にしてkanaを召還！
 04:51 suztomo : これ読みたかったー
 04:51 mootoh : vim界は唯一神
 04:51 syou6162 : これは勉強になる
 04:51 ujihisa : ふ　俺ごときじゃ神は召還できないぜ
 04:51 ujihisa : せめてid:secondlifeぐらいでないと
 04:51 suztomo : let!
 04:52 tor_ : kanaさんは神なのに生贄一体か
 04:52 takano32 : ujihisaを三体生け贄に(ry
 04:52 mootoh : Q: 創造神としての Bram Moolenaar の召喚はどうやったらできますか?
 04:52 kana : 補足: スコープのプレフィックスを省略した場合、関数内部なら関数ローカル変数、どの関数の内部でもない場合はグローバル変数として扱われます。
 04:53 yuyarin : kana「ujihisaおいしくないです^o^;」
 04:53 takano32 : bu
 04:53 suztomo : へー
 04:53 taku-o : ＮＩＣＥ　なプレゼン
 04:53 ujihisa : kana「ujihisaのコードは全部食べた」
 04:53 kana : 補足: 一部の組み込み変数(v:errmsgなど)はv:なしでもアクセスできるので注意(過去バージョンとの互換性のためこうなっている)
 04:53 Hash : ほほう
 04:53 suztomo : 予約変数か。
 04:54 suztomo : まちがってつかわないようにしないといけない。
 04:54 suztomo : が
 04:54 kana : v:は色々面白いものがあるので一度眺めておくと良いかも知れません。
 04:54 mootoh : いま、この場で BF を実装しよう ! 
 04:54 suztomo : そのためのprefixじゃあないのかしらん。
 04:54 beatinaniwa : 888888
 04:54 kana : ふつうにカスタマイズする分にはv:countやv:count1を使うかなー
 04:54 mootoh : ZZ派かな > :wq
 04:54 f99aq : 8888888
 04:54 tenkoma : 8888
 04:54 tor_ : 会場の「ほー」とか「へー」のタイミングがズレててびっくりすること多数
 04:54 ujihisa : おれは<space>w<space>q
 04:54 kana : 88888888
 04:54 tor_ : 88888
 04:54 mootoh : Vimperator ktkr
 04:55 taku-o : vimperator
 04:55 ayucat : ZZでいいや。。。
 04:55 ryo7000 : 888
 04:55 takano32 : Firemacsはおすすめできない
 04:55 mootoh : はえええ
 04:55 tor_ : set wildoptions=auto
 04:55 kana : VimとVimperatorはintとdoubleくらいには違うので個人的には好きでないなー
 04:56 ujihisa : 神の一言が重い
 04:56 taku-o : 急募：vimperatorでファイルを編集する方法
 04:56 tor_ : vimperatorはvim使い云々より単純に便利
 04:56 takano32 : reblogとかどだろ
 04:57 ujihisa : vimperatorでブラウザ実装したら超便利じゃね?
 04:57 tenkoma : #f ?
 04:57 ryo7000 : vimで:tを使おうとsuるようになる
 04:57 tenkoma : ページ内検索 /
 04:57 beatinaniwa : 画面分割は便利そう
 04:57 tor_ : <数字>zZで横スクロールバーとおさらばできます
 04:58 beatinaniwa : これはすごい
 04:58 kana : 画面下部の表示はいつ見ても吹く
 04:58 tor_ : 画面分割はアドオンないとだめじゃなかったっけ？
 04:58 tenkoma : google検索 g [keyword]
 04:58 taku-o : 画面分割はすごくいいね
 04:58 beatinaniwa : 画面分割のためだけにでも入れたくなってきた
 04:59 kana : splitはときどき役に立ちそう
 04:59 suztomo : ショートカットキーとかキーバインドとかおもしろい。
 04:59 mootoh : Q: BF実装はどれくらいでできましたか?
 04:59 mootoh : A: 一日でラクショーでした
 05:00 suztomo : そういえばこのコンピュータだとLimeChatでもC-fbnpで移動できるよ > mitsumasa
 05:00 tenkoma : 8888
 05:00 kana : 8888
 05:00 ryo7000 : 8888
 05:00 tor_ : 88888
 05:00 ujihisa : google検索はvimperatorじゃなくてvimでできるよ
 05:00 ujihisa : google.vimでOK
 05:00 ujihisa : 88888
 05:00 mootoh : 休憩のあとは露出狂大会です
 05:00 kana : あと30分で終了か
 05:00 beatinaniwa : suztomo: なんかOS側で設定してるんじゃないの？
 05:00 suztomo : やってないよ。
 05:00 beatinaniwa : デフォルト？
 05:00 suztomo : うん。
 05:01 tor_ : 露出はustからじゃ厳しそうかな？
 05:01 ujihisa : kana1先生の.vimrcは開いた瞬間に死亡する
 05:01 suztomo : バージョン0.17
 05:01 suztomo : http://gyazo.com/4fec8f11e6830ce280c50f8338b571c8.png 
 05:01 beatinaniwa : C-fbはできるよ
 05:01 beatinaniwa : C-npで何が起こるの？
 05:01 beatinaniwa : 履歴？
 05:01 kana : partty.orgおもいのかな
 05:02 syou6162 : 何行あるんでしたっけ?<vimrc
 05:02 tor_ : スポンサータイム
 05:02 ujihisa : CMwww
 05:02 kana : yosi
 05:03 tenkoma : mataka w
 05:03 ujihisa : 酔うwwwwwwwwww
 05:03 tor_ : これはあれですね、ニコニコの乗馬動画のオマージュですね
 05:03 ujihisa : ふわふわする
 05:03 kana : u-mu
 05:03 kana : partty.org調子悪いのかな
 05:04 kana : http://www.partty.org/session/VimM+.vimrc/2008/07/20/08/02/47
 05:04 kana : 質問あれば答えますよ!
 05:04 kana : http://github.com/kana/config/tree/master/vim/dot.vimrc
 05:05 tor_ : ちゅるやさん！
 05:11 tenkoma : 暗くなった？
 05:11 sekido : なりましたね
 05:11 sekido : 誰かがスイッチをいじっていたのかも……？
 05:11 tor_ : 一体なにが始まるんだ！
 05:12 ujihisa : 631 lines: Mappings
 05:12 Hash : すごい...vimrcにsectionがある
 05:13 ujihisa : イケメン配信
 05:14 emanon001 : スクリプトの中で、そのスクリプトがautocmdから呼びだされているかってわかりますか？
 05:14 kana : んー
 05:14 kana : expand('<afile>'とか
 05:15 Hash : いけめんを探してるnow
 05:15 kana : expand('<abuf>')でautocmdが実行されてるカレントバッファの番号が取れるので、それで判定するとか
 05:16 emanon001 : > kana んーやっぱりその方法が普通ですか
 05:16 kana : autocmd以外からだと空文字列になります
 05:16 kana : どうでしょう。そういう個人的に需要は今までなかったので考えたこともありませんでしたね。
 05:17 tor_ : レッツノートとMacばっかな気がする
 05:17 sekido : Macおおすぎです
 05:17 ujihisa : > dropdb
 05:17 taku-o : Ｍａｃカウントしなおしたら、1/2ぐらい？かな
 05:17 emanon001 : その方法でやってみます。どうもありがとう > kana
 05:18 tor_ : 隠れてるｗ
 05:19 ujihisa : 女子の声が聞こえた
 05:19 kana : ※男の娘ですが無害です
 05:19 kana : oro
 05:20 kana : とまった
 05:20 taku-o : スクリーンセイバー？
 05:20 Hash : 女の人いるお（別の会社かもしれないけど）ｂｙ　poohtarou
 05:20 tor_ : 有害な男の娘ってなんぞやｗ　Ｙｏｕ guy?
 05:20 Hash : けっこうかわいいけどなかなか見えない＞＜
 05:21 kana : 男の娘の例: http://hobby-channel.net/content/view/4455/104/ (※Vimとは無関係です)
 05:22 sekido : あとで写真をFlickrへアップして良いか確認しなきゃ……
 05:23 Hash : このあとノープランで困っている
 05:23 Hash : 神kanaさんのvim相談室
 05:23 tor_ : もうそろそろ片付では？
 05:23 kana : こんにちは。歩く:helpです。
 05:23 ujihisa : :help kana
 05:24 tor_ : 歩く:help　ｗｗｗ
 05:24 sekido : 誰かがvimrcを晒すのかと期待してたのに＞＜
 05:24 kana : 2202行ですね
 05:24 Hash : www やっていいですか？:help kana
 05:24 ujihisa : 2202wwwwwwwwwwwwwwwwwwwwwwwwwwwwwwww
 05:24 ujihisa : 大阪のVim勉強会#2でも
 05:24 tor_ : alias man kana
 05:24 ujihisa : kana神のhelpは最強だった
 05:24 kana : あと.vim以下のプラグインとかほとんど自作なので、それもカウントするとかなりひどいことになります
 05:25 tor_ : このIRCのログより行数があるという脅威
 05:26 kana : えーっと、自作プラグイン等も含めると8696行らしいです
 05:26 tor_ : 8696ｗｗｗｗｗｗｗｗｗｗｗｗｗｗｗｗｗｗ
 05:27 kana : 私は空行バリバリ入れる方なので、実際の行数はもっと少な目ですね
 05:28 sekido : 始まった……かな。
 05:28 kana : すばらしい
 05:29 kana : 15-17行目はfiletype plugin indent onでまとめて書けますよ
 05:30 tor_ : kanaさんはこの状態で読めてる…？
 05:30 kana : いや、よくあるパターンなので推測です
 05:30 tor_ : syntax on  filetype ~~~ ってのか
 05:30 ujihisa : かなさんwww
 05:31 kana : :help 'iminsert'
 05:31 kana : ただこの手の機能はGUI版でないと使えないと思った方が良いです
 05:32 kana : Q. hashさんのvimrcはどこかにアップロードされてたりしますか? (githubとか)
 05:32 tor_ : 逆に質問されてるｗ
 05:32 ujihisa : 質問: Shift+returnバインドできないんですが><
 05:32 ujihisa : C-v shift+returnは
 05:32 Hash : してないです。するほどのものでも。。。
 05:32 ujihisa : むりぽ
 05:32 kana : GUI版つかいましょう >ujihisa
 05:32 ujihisa : screenにうばわれる
 05:32 ujihisa : GUI版こわい><
 05:33 kana : その手のキーは端末内で動くアプリケーションからは検知できないですからしょうがないですね
 05:34 kana : inoremap <C-j> <Down>がどうこうとしか聞こえなかった
 05:35 sekido : バインドできなかったみたいですが
 05:35 kana : まめちしき: :help i_{なんとか}でInsert modeでの{なんとか}のキーの意味が調べられる
 05:36 syou6162 : まめちしき++
 05:36 kana : できるはずですけどねー
 05:36 taku-o : C-kが動かないんだってさ
 05:36 ujihisa : そもそもvim使いならCtrl使っちゃダメですよ
 05:36 kana : んー、digraph関係なのかな
 05:36 ujihisa : Ctrlキーはたんなるキーボードの飾り
 05:36 kana : 	ためしてみよう
 05:36 ujihisa : spaceでOK
 05:36 sekido : フリータイム。
 05:37 kana : んー、私の環境だと動きましたよ
 05:37 sekido : 環境はWin GVIMみたいです。
 05:37 kana : :imapを実行してみて何が何にマップされているか確認してみてください
 05:37 tor_ : なにかと競合してるんですよね。 大穴でキーボードがおかしいとか
 05:37 kana : :imap <C-k>でも可
 05:37 ryo7000 : 香り屋さんの使ってると、C-kが<leader>になってるとか
 05:40 kana : だったら<C-k>入力後、暫くするとカーソルが移動するはずです
 05:40 sekido : マッピングされてないことです＞kanaさん
 05:40 sekido : :imap <C-k>
 05:40 sekido : の結果が。
 05:40 kana : じゃあ:inoremap <C-k> <Up>を実行しなおしましょう。
 05:42 emanon001 : <C-k>は多分dicwin.vimのプレフィックス
 05:43 sekido : いけました＞kanaさん
 05:43 kana : んー、それだったら<C-k>で始まるkey mappingsが:imap <C-k>でリストされるはずなんですよね >emano001
 05:43 kana : よかったよかった
 05:43 sekido : :inoremapするまえは、<C-k>すると?になるので謎ですが。。
 05:43 kana : :help digraph
 05:44 kana : 合字を入力するための機能です
 05:44 kana : 日本語訳: 日本人には大抵縁のないものです
 05:44 sekido : ｗ
 05:44 sekido : 無効にするにはどうしたら良いのでしょうか。
 05:45 tor_ : 超意訳ｌ＋＋
 05:45 emanon001 : 失礼。wincmdはnnoremap <C-k>xでした > kana
 05:45 kana : inoremap <C-k>  <Nop>  >無効化
 05:45 emanon001 : まちがえた。s/wincmd/dicwin
 05:46 kana : <Nop>を右辺に書くと左辺のキーを無効にできます。
 05:46 kana : ※これはid:secondlifeさんも最近まで知らなかった豆知識です
 05:47 tor_ : 豆知識++
 05:47 tor_ : vimperatorで既存のショートカットキーを守るために使ってるなぁ…  > <Nop>
 05:48 tor_ : --------CM---------
 05:48 kana : Vimで30gsと入力すると……
 05:48 ayucat : 大学院の面白そうな花火が聞こえてくる＾＾
 05:49 ryo7000 : 30gs焦った…
 05:49 ujihisa : C-kはscreenにわりあててる
 05:51 tor_ : 30gsが効かない
 05:52 kana : こたえ: help gs
 05:52 tor_ : vimが眠るのね
 05:53 kana : ノシ
 05:53 sekido : plugin_dicwin_disable ではまっていますが、
 05:53 sekido : どうにかがんばります
 05:53 tor_ : お疲れさまです
 05:53 sekido : ありがとうございました（wakuteka)
 05:54 kana : おつかれさまです
 05:54 tor_ : チャットって勝手に保存しちゃっていいもんかな？
 05:54 f99aq : おつでした
 05:54 ujihisa : vimm++
 05:54 ujihisa : {}++
 05:54 ujihisa : kana1++
 05:55 ujihisa : そして
 05:55 ujihisa : 会場++
 05:55 emanon001 : おつかれさまです
 05:55 tor_ : (all vimmer)++
 05:55 kana : そのまんま公開するのは微妙に不味いと思います >tor_
 05:55 tor_ : 公開はやめておきます >kana
 05:56 kana : 発言者の名前伏せておくならOKだと思いますけど、その辺はなんとも。
 05:56 tor_ : チャットで得たものまとめ とかいう風にしておこう
 05:56 kana : VimM用ボディランゲージ: http://www.homebrew.net/visign/
 05:57 tor_ : 両手つかってVim"M"も表わすんですね、わかります
 05:57 Hash : VimMは、生茶の提供でお送りしました
 05:57 Hash : 片付けもーど
 05:57 kana : おつかれさまです
 05:57 Hash : 見てくれた人ありがとうございました！
 05:57 tor_ : なんか怖いはなしが聞こえたｗ
 05:57 kana : ※ここでVimM#2のお知らせです
 05:58 kana : とかはないのかな!
 05:58 tor_ : alias emacs なんとかとか
 05:58 ujihisa : VimM#2
 05:58 ujihisa : 場所: 愛媛
 05:58 kana : 私は旅費0だから良いですけど
 05:58 tor_ : 神の庭でやるんですね！
 05:58 ujihisa : 旅費0だし
 05:58 ujihisa : kana1以外の参加者も0
 05:58 kana : 場所的に微妙な気が
 05:59 kana : ustreamオンリーということですか? >ujihisa
 06:00 kana : 実際に会って話す方が楽しいですよ。

